2022-12-13 15:25:12,499 INFO o.a.j.u.JMeterUtils: Setting Locale to en_US
2022-12-13 15:25:12,519 INFO o.a.j.JMeter: Loading user properties from: C:\Users\raul.balanean\IdeaProjects\test\target\jmeter\bin\user.properties
2022-12-13 15:25:12,521 INFO o.a.j.JMeter: Loading system properties from: C:\Users\raul.balanean\IdeaProjects\test\target\jmeter\bin\system.properties
2022-12-13 15:25:12,527 INFO o.a.j.JMeter: Copyright (c) 1998-2018 The Apache Software Foundation
2022-12-13 15:25:12,528 INFO o.a.j.JMeter: Version 5.0 r1840935
2022-12-13 15:25:12,528 INFO o.a.j.JMeter: java.version=11.0.17
2022-12-13 15:25:12,528 INFO o.a.j.JMeter: java.vm.name=OpenJDK 64-Bit Server VM
2022-12-13 15:25:12,528 INFO o.a.j.JMeter: os.name=Windows 11
2022-12-13 15:25:12,528 INFO o.a.j.JMeter: os.arch=amd64
2022-12-13 15:25:12,528 INFO o.a.j.JMeter: os.version=10.0
2022-12-13 15:25:12,528 INFO o.a.j.JMeter: file.encoding=Cp1252
2022-12-13 15:25:12,528 INFO o.a.j.JMeter: Max memory     =4213178368
2022-12-13 15:25:12,528 INFO o.a.j.JMeter: Available Processors =8
2022-12-13 15:25:12,533 INFO o.a.j.JMeter: Default Locale=English (United States)
2022-12-13 15:25:12,533 INFO o.a.j.JMeter: JMeter  Locale=English (United States)
2022-12-13 15:25:12,533 INFO o.a.j.JMeter: JMeterHome=C:\Users\raul.balanean\IdeaProjects\test\target\jmeter
2022-12-13 15:25:12,533 INFO o.a.j.JMeter: user.dir  =C:\Users\raul.balanean\IdeaProjects\test
2022-12-13 15:25:12,534 INFO o.a.j.JMeter: PWD       =C:\Users\raul.balanean\IdeaProjects\test
2022-12-13 15:25:12,541 INFO o.a.j.JMeter: IP: 10.102.113.215 Name: CPX-2GY06CY27RK FullName: CPX-2GY06CY27RK.dir.svc.accenture.com
2022-12-13 15:25:12,543 INFO o.a.j.JMeter: Setting property 'jmeter.reportgenerator.outputdir' to:'C:\Users\raul.balanean\IdeaProjects\test\target\jmeter\results\APDEX-TestDemo-20221213'
2022-12-13 15:25:12,548 INFO o.a.j.r.d.ReportGenerator: ReportGenerator will use for Parsing the separator: ','
2022-12-13 15:25:12,548 INFO o.a.j.r.d.ReportGenerator: Will only generate report from results file: target/jmeter/results/20221213-TestDemo.csv
2022-12-13 15:25:12,549 INFO o.a.j.r.d.ReportGenerator: Reading report generator properties from: C:\Users\raul.balanean\IdeaProjects\test\target\jmeter\bin\reportgenerator.properties
2022-12-13 15:25:12,550 INFO o.a.j.r.d.ReportGenerator: Merging with JMeter properties
2022-12-13 15:25:12,555 INFO o.a.j.r.c.ReportGeneratorConfiguration: Property 'jmeter.reportgenerator.temp_dir' not found, using default value 'temp' instead.
2022-12-13 15:25:12,557 INFO o.a.j.r.c.ReportGeneratorConfiguration: Property 'jmeter.reportgenerator.apdex_per_transaction' not found, using default value 'null' instead.
2022-12-13 15:25:12,560 INFO o.a.j.r.c.ReportGeneratorConfiguration: apdex_per_transaction : {} is empty, not APDEX per transaction customization
2022-12-13 15:25:12,560 INFO o.a.j.r.c.ReportGeneratorConfiguration: Property 'jmeter.reportgenerator.sample_filter' not found, using default value 'null' instead.
2022-12-13 15:25:12,560 INFO o.a.j.r.c.ReportGeneratorConfiguration: Property 'jmeter.reportgenerator.report_title' not found, using default value 'null' instead.
2022-12-13 15:25:12,560 INFO o.a.j.r.c.ReportGeneratorConfiguration: Property 'jmeter.reportgenerator.start_date' not found, using default value 'null' instead.
2022-12-13 15:25:12,560 INFO o.a.j.r.c.ReportGeneratorConfiguration: Property 'jmeter.reportgenerator.end_date' not found, using default value 'null' instead.
2022-12-13 15:25:12,560 INFO o.a.j.r.c.ReportGeneratorConfiguration: Property 'jmeter.reportgenerator.date_format' not found, using default value 'null' instead.
2022-12-13 15:25:12,564 INFO o.a.j.r.c.ReportGeneratorConfiguration: Will use date range start date: null, end date: null
2022-12-13 15:25:12,569 INFO o.a.j.r.c.ReportGeneratorConfiguration: Property 'jmeter.reportgenerator.graph.totalTPS.exclude_controllers' not found, using default value 'false' instead.
2022-12-13 15:25:12,570 INFO o.a.j.r.c.ReportGeneratorConfiguration: Property 'jmeter.reportgenerator.graph.activeThreadsOverTime.exclude_controllers' not found, using default value 'false' instead.
2022-12-13 15:25:12,570 INFO o.a.j.r.c.ReportGeneratorConfiguration: Property 'jmeter.reportgenerator.graph.timeVsThreads.exclude_controllers' not found, using default value 'false' instead.
2022-12-13 15:25:12,570 INFO o.a.j.r.c.ReportGeneratorConfiguration: Property 'jmeter.reportgenerator.graph.responseTimeDistribution.exclude_controllers' not found, using default value 'false' instead.
2022-12-13 15:25:12,570 INFO o.a.j.r.c.ReportGeneratorConfiguration: Property 'jmeter.reportgenerator.graph.transactionsPerSecond.exclude_controllers' not found, using default value 'false' instead.
2022-12-13 15:25:12,570 INFO o.a.j.r.c.ReportGeneratorConfiguration: Property 'jmeter.reportgenerator.graph.responseTimePercentiles.exclude_controllers' not found, using default value 'false' instead.
2022-12-13 15:25:12,570 INFO o.a.j.r.c.ReportGeneratorConfiguration: Property 'jmeter.reportgenerator.graph.responseTimePercentilesOverTime.exclude_controllers' not found, using default value 'false' instead.
2022-12-13 15:25:12,570 INFO o.a.j.r.c.ReportGeneratorConfiguration: Property 'jmeter.reportgenerator.graph.responseTimesOverTime.exclude_controllers' not found, using default value 'false' instead.
2022-12-13 15:25:12,570 INFO o.a.j.r.c.ReportGeneratorConfiguration: Property 'jmeter.reportgenerator.graph.connectTimeOverTime.exclude_controllers' not found, using default value 'false' instead.
2022-12-13 15:25:12,571 INFO o.a.j.r.c.ReportGeneratorConfiguration: Property 'jmeter.reportgenerator.graph.latenciesOverTime.exclude_controllers' not found, using default value 'false' instead.
2022-12-13 15:25:12,572 INFO o.a.j.r.c.ReportGeneratorConfiguration: Property 'jmeter.reportgenerator.exporter.html.filters_only_sample_series' not found, using default value 'true' instead.
2022-12-13 15:25:12,572 INFO o.a.j.r.c.ReportGeneratorConfiguration: Property 'jmeter.reportgenerator.exporter.html.series_filter' not found, using default value '' instead.
2022-12-13 15:25:12,572 INFO o.a.j.r.c.ReportGeneratorConfiguration: Property 'jmeter.reportgenerator.exporter.html.show_controllers_only' not found, using default value 'false' instead.
2022-12-13 15:25:12,745 INFO o.a.j.s.SaveService: Testplan (JMX) version: 2.2. Testlog (JTL) version: 2.2
2022-12-13 15:25:12,765 INFO o.a.j.s.SaveService: Using SaveService properties version 5.0
2022-12-13 15:25:12,769 INFO o.a.j.s.SaveService: Using SaveService properties file encoding UTF-8
2022-12-13 15:25:12,909 INFO o.a.j.r.p.NormalizerSampleConsumer: Using format, 'ms', to parse timeStamp field
2022-12-13 15:25:13,111 INFO o.a.j.r.p.AbstractSampleConsumer: class org.apache.jmeter.report.processor.AggregateConsumer#stopProducing(): beginDate produced 0 samples
2022-12-13 15:25:13,111 INFO o.a.j.r.p.AbstractSampleConsumer: class org.apache.jmeter.report.processor.AggregateConsumer#stopProducing(): endDate produced 0 samples
2022-12-13 15:25:13,113 INFO o.a.j.r.p.AbstractSampleConsumer: class org.apache.jmeter.report.processor.ApdexSummaryConsumer#stopProducing(): apdexSummary produced 0 samples
2022-12-13 15:25:13,113 INFO o.a.j.r.p.AbstractSampleConsumer: class org.apache.jmeter.report.processor.RequestsSummaryConsumer#stopProducing(): requestsSummary produced 0 samples
2022-12-13 15:25:13,118 INFO o.a.j.r.p.AbstractSampleConsumer: class org.apache.jmeter.report.processor.StatisticsSummaryConsumer#stopProducing(): statisticsSummary produced 0 samples
2022-12-13 15:25:13,121 INFO o.a.j.r.p.AbstractSampleConsumer: class org.apache.jmeter.report.processor.Top5ErrorsBySamplerConsumer#stopProducing(): top5ErrorsBySampler produced 0 samples
2022-12-13 15:25:13,121 INFO o.a.j.r.p.AbstractSampleConsumer: class org.apache.jmeter.report.processor.ErrorsSummaryConsumer#stopProducing(): errorsSummary produced 0 samples
2022-12-13 15:25:13,121 INFO o.a.j.r.p.AbstractSampleConsumer: class org.apache.jmeter.report.processor.graph.impl.HitsPerSecondGraphConsumer#stopProducing(): hitsPerSecond produced 0 samples
2022-12-13 15:25:13,130 INFO o.a.j.r.p.AbstractSampleConsumer: class org.apache.jmeter.report.processor.graph.impl.LatencyVSRequestGraphConsumer#stopProducing(): latencyVsRequest produced 0 samples
2022-12-13 15:25:13,130 INFO o.a.j.r.p.AbstractSampleConsumer: class org.apache.jmeter.report.processor.graph.impl.SyntheticResponseTimeDistributionGraphConsumer#stopProducing(): syntheticResponseTimeDistribution produced 0 samples
2022-12-13 15:25:13,131 INFO o.a.j.r.p.AbstractSampleConsumer: class org.apache.jmeter.report.processor.graph.impl.BytesThroughputGraphConsumer#stopProducing(): bytesThroughputOverTime produced 0 samples
2022-12-13 15:25:13,131 INFO o.a.j.r.p.AbstractSampleConsumer: class org.apache.jmeter.report.processor.graph.impl.CodesPerSecondGraphConsumer#stopProducing(): codesPerSecond produced 0 samples
2022-12-13 15:25:13,138 INFO o.a.j.r.p.AbstractSampleConsumer: class org.apache.jmeter.report.processor.graph.impl.ResponseTimeVSRequestGraphConsumer#stopProducing(): responseTimeVsRequest produced 0 samples
2022-12-13 15:25:13,138 INFO o.a.j.r.p.AbstractSampleConsumer: class org.apache.jmeter.report.processor.FilterConsumer#stopProducing(): startIntervalControlerFilter produced 56 samples
2022-12-13 15:25:13,138 INFO o.a.j.r.p.AbstractSampleConsumer: class org.apache.jmeter.report.processor.graph.impl.TotalTPSGraphConsumer#stopProducing(): totalTPS produced 0 samples
2022-12-13 15:25:13,138 INFO o.a.j.r.p.AbstractSampleConsumer: class org.apache.jmeter.report.processor.graph.impl.ActiveThreadsGraphConsumer#stopProducing(): activeThreadsOverTime produced 0 samples
2022-12-13 15:25:13,138 INFO o.a.j.r.p.AbstractSampleConsumer: class org.apache.jmeter.report.processor.graph.impl.TimeVSThreadGraphConsumer#stopProducing(): timeVsThreads produced 0 samples
2022-12-13 15:25:13,138 INFO o.a.j.r.p.AbstractSampleConsumer: class org.apache.jmeter.report.processor.graph.impl.ResponseTimeDistributionGraphConsumer#stopProducing(): responseTimeDistribution produced 0 samples
2022-12-13 15:25:13,138 INFO o.a.j.r.p.AbstractSampleConsumer: class org.apache.jmeter.report.processor.graph.impl.TransactionsPerSecondGraphConsumer#stopProducing(): transactionsPerSecond produced 0 samples
2022-12-13 15:25:13,139 INFO o.a.j.r.p.AbstractSampleConsumer: class org.apache.jmeter.report.processor.graph.impl.ResponseTimePercentilesGraphConsumer#stopProducing(): responseTimePercentiles produced 0 samples
2022-12-13 15:25:13,140 INFO o.a.j.r.p.AbstractSampleConsumer: class org.apache.jmeter.report.processor.graph.impl.ResponseTimePercentilesOverTimeGraphConsumer#stopProducing(): responseTimePercentilesOverTime produced 0 samples
2022-12-13 15:25:13,140 INFO o.a.j.r.p.AbstractSampleConsumer: class org.apache.jmeter.report.processor.graph.impl.ResponseTimeOverTimeGraphConsumer#stopProducing(): responseTimesOverTime produced 0 samples
2022-12-13 15:25:13,140 INFO o.a.j.r.p.AbstractSampleConsumer: class org.apache.jmeter.report.processor.graph.impl.ConnectTimeOverTimeGraphConsumer#stopProducing(): connectTimeOverTime produced 0 samples
2022-12-13 15:25:13,140 INFO o.a.j.r.p.AbstractSampleConsumer: class org.apache.jmeter.report.processor.graph.impl.LatencyOverTimeGraphConsumer#stopProducing(): latenciesOverTime produced 0 samples
2022-12-13 15:25:13,141 INFO o.a.j.r.p.AbstractSampleConsumer: class org.apache.jmeter.report.processor.FilterConsumer#stopProducing(): nameFilter produced 120 samples
2022-12-13 15:25:13,141 INFO o.a.j.r.p.AbstractSampleConsumer: class org.apache.jmeter.report.processor.FilterConsumer#stopProducing(): dateRangeFilter produced 24 samples
2022-12-13 15:25:13,141 INFO o.a.j.r.p.AbstractSampleConsumer: class org.apache.jmeter.report.processor.NormalizerSampleConsumer#stopProducing(): normalizer produced 8 samples
2022-12-13 15:25:13,141 INFO o.a.j.r.p.CsvFileSampleSource: produce(): 8 samples produced in 213ms on channel 0
2022-12-13 15:25:13,141 INFO o.a.j.r.d.ReportGenerator: Exporting data using exporter:'html' of className:'org.apache.jmeter.report.dashboard.HtmlTemplateExporter'
2022-12-13 15:25:13,145 INFO o.a.j.r.d.HtmlTemplateExporter: Will generate dashboard in folder: C:\Users\raul.balanean\IdeaProjects\test\target\jmeter\results\APDEX-TestDemo-20221213
2022-12-13 15:25:13,237 INFO o.a.j.r.d.HtmlTemplateExporter: Report will be generated in: C:\Users\raul.balanean\IdeaProjects\test\target\jmeter\results\APDEX-TestDemo-20221213, creating folder structure
